<?xml version="1.0" encoding="UTF-8"?>
<!-- Generated by org.testng.reporters.JUnitXMLReporter -->
<testsuite hostname="RACLAP80-COMP" ignored="0" name="PNB MetLife" tests="10" failures="3" timestamp="29 Aug 2021 15:18:24 GMT" time="1219.86" errors="0">
  <testcase name="@BeforeMethod launchApplication" time="0.0" classname="com.Ebranch.TestCases.eBranch_loginTest">
    <failure type="org.openqa.selenium.WebDriverException" message="disconnected: Unable to receive message from renderer
  (Session info: chrome=83.0.4103.61)
Build info: version: &amp;apos;3.14.0&amp;apos;, revision: &amp;apos;aacccce0&amp;apos;, time: &amp;apos;2018-08-02T20:19:58.91Z&amp;apos;
System info: host: &amp;apos;RACLAP80-COMP&amp;apos;, ip: &amp;apos;192.168.225.110&amp;apos;, os.name: &amp;apos;Windows 10&amp;apos;, os.arch: &amp;apos;amd64&amp;apos;, os.version: &amp;apos;10.0&amp;apos;, java.version: &amp;apos;1.8.0_191&amp;apos;
Driver info: org.openqa.selenium.chrome.ChromeDriver
Capabilities {acceptInsecureCerts: false, browserName: chrome, browserVersion: 83.0.4103.61, chrome: {chromedriverVersion: 83.0.4103.39 (ccbf011cb2d2b..., userDataDir: C:\Users\NIKITA~1.GYA\AppDa...}, goog:chromeOptions: {debuggerAddress: localhost:51546}, javascriptEnabled: true, networkConnectionEnabled: false, pageLoadStrategy: normal, platform: WINDOWS, platformName: WINDOWS, proxy: Proxy(), setWindowRect: true, strictFileInteractability: false, timeouts: {implicit: 0, pageLoad: 300000, script: 30000}, unhandledPromptBehavior: dismiss and notify, webauthn:virtualAuthenticators: true}
Session ID: 8c5bc3d7e7b63895cbad0fb57014c70e">
      <![CDATA[org.openqa.selenium.WebDriverException: disconnected: Unable to receive message from renderer
  (Session info: chrome=83.0.4103.61)
Build info: version: '3.14.0', revision: 'aacccce0', time: '2018-08-02T20:19:58.91Z'
System info: host: 'RACLAP80-COMP', ip: '192.168.225.110', os.name: 'Windows 10', os.arch: 'amd64', os.version: '10.0', java.version: '1.8.0_191'
Driver info: org.openqa.selenium.chrome.ChromeDriver
Capabilities {acceptInsecureCerts: false, browserName: chrome, browserVersion: 83.0.4103.61, chrome: {chromedriverVersion: 83.0.4103.39 (ccbf011cb2d2b..., userDataDir: C:\Users\NIKITA~1.GYA\AppDa...}, goog:chromeOptions: {debuggerAddress: localhost:51546}, javascriptEnabled: true, networkConnectionEnabled: false, pageLoadStrategy: normal, platform: WINDOWS, platformName: WINDOWS, proxy: Proxy(), setWindowRect: true, strictFileInteractability: false, timeouts: {implicit: 0, pageLoad: 300000, script: 30000}, unhandledPromptBehavior: dismiss and notify, webauthn:virtualAuthenticators: true}
Session ID: 8c5bc3d7e7b63895cbad0fb57014c70e
	at org.openqa.selenium.remote.http.W3CHttpResponseCodec.createException(W3CHttpResponseCodec.java:187)
	at org.openqa.selenium.remote.http.W3CHttpResponseCodec.decode(W3CHttpResponseCodec.java:122)
	at org.openqa.selenium.remote.http.W3CHttpResponseCodec.decode(W3CHttpResponseCodec.java:49)
	at org.openqa.selenium.remote.HttpCommandExecutor.execute(HttpCommandExecutor.java:158)
	at org.openqa.selenium.remote.service.DriverCommandExecutor.execute(DriverCommandExecutor.java:83)
	at org.openqa.selenium.remote.RemoteWebDriver.execute(RemoteWebDriver.java:548)
	at org.openqa.selenium.remote.RemoteWebDriver.get(RemoteWebDriver.java:276)
	at com.Ebranch.TestCases.BaseClass.Setup(BaseClass.java:68)
	at com.Ebranch.TestCases.eBranch_loginTest.launchApplication(eBranch_loginTest.java:30)
... Removed 31 stack frames]]>
    </failure>
  </testcase> <!-- @BeforeMethod launchApplication -->
  <testcase name="@AfterMethod tearDown" time="0.0" classname="com.Ebranch.TestCases.eBranch_loginTest">
    <skipped/>
  </testcase> <!-- @AfterMethod tearDown -->
  <testcase name="@BeforeMethod launchApplication" time="0.0" classname="com.Ebranch.TestCases.eBranch_loginTest">
    <skipped/>
  </testcase> <!-- @BeforeMethod launchApplication -->
  <testcase name="@AfterMethod tearDown" time="0.0" classname="com.Ebranch.TestCases.eBranch_loginTest">
    <skipped/>
  </testcase> <!-- @AfterMethod tearDown -->
  <testcase name="@AfterClass TearDown" time="0.0" classname="com.Ebranch.TestCases.BaseClass">
    <skipped/>
  </testcase> <!-- @AfterClass TearDown -->
  <testcase name="@BeforeClass Setup" time="0.0" classname="com.Ebranch.TestCases.BaseClass">
    <skipped/>
  </testcase> <!-- @BeforeClass Setup -->
  <testcase name="@BeforeMethod launchApplication" time="0.0" classname="com.Ebranch.TestCases.eBranch_homePageTest">
    <skipped/>
  </testcase> <!-- @BeforeMethod launchApplication -->
  <testcase name="@BeforeMethod launchApplication" time="0.0" classname="com.Ebranch.TestCases.eBranch_homePageTest">
    <skipped/>
  </testcase> <!-- @BeforeMethod launchApplication -->
  <testcase name="@BeforeMethod launchApplication" time="0.0" classname="com.Ebranch.TestCases.eBranch_homePageTest">
    <skipped/>
  </testcase> <!-- @BeforeMethod launchApplication -->
  <testcase name="@BeforeMethod launchApplication" time="0.0" classname="com.Ebranch.TestCases.eBranch_homePageTest">
    <skipped/>
  </testcase> <!-- @BeforeMethod launchApplication -->
  <testcase name="@BeforeMethod launchApplication" time="0.0" classname="com.Ebranch.TestCases.eBranch_homePageTest">
    <skipped/>
  </testcase> <!-- @BeforeMethod launchApplication -->
  <testcase name="@AfterClass TearDown" time="0.0" classname="com.Ebranch.TestCases.BaseClass">
    <skipped/>
  </testcase> <!-- @AfterClass TearDown -->
  <testcase name="Login_PNBChannel" time="243.014" classname="com.Ebranch.TestCases.eBranch_loginTest">
    <failure type="org.openqa.selenium.TimeoutException" message="Expected condition failed: waiting for visibility of element located by By.xpath: //title[text()=&amp;apos;EBranchNxt&amp;apos;] (tried for 200 second(s) with 500 milliseconds interval)">
      <![CDATA[org.openqa.selenium.TimeoutException: Expected condition failed: waiting for visibility of element located by By.xpath: //title[text()='EBranchNxt'] (tried for 200 second(s) with 500 milliseconds interval)
	at org.openqa.selenium.support.ui.WebDriverWait.timeoutException(WebDriverWait.java:113)
	at org.openqa.selenium.support.ui.FluentWait.until(FluentWait.java:283)
	at com.Ebranch.TestCases.eBranch_loginTest.Login_PNBChannel(eBranch_loginTest.java:91)
Caused by: org.openqa.selenium.NoSuchElementException: Cannot locate an element using By.xpath: //title[text()='EBranchNxt']
For documentation on this error, please visit: http://seleniumhq.org/exceptions/no_such_element.html
Build info: version: '3.14.0', revision: 'aacccce0', time: '2018-08-02T20:19:58.91Z'
System info: host: 'RACLAP80-COMP', ip: '192.168.225.110', os.name: 'Windows 10', os.arch: 'amd64', os.version: '10.0', java.version: '1.8.0_191'
Driver info: driver.version: unknown
	at org.openqa.selenium.support.ui.ExpectedConditions.lambda$findElement$0(ExpectedConditions.java:896)
	at java.util.Optional.orElseThrow(Optional.java:290)
	at org.openqa.selenium.support.ui.ExpectedConditions.findElement(ExpectedConditions.java:895)
	at org.openqa.selenium.support.ui.ExpectedConditions.access$000(ExpectedConditions.java:44)
	at org.openqa.selenium.support.ui.ExpectedConditions$7.apply(ExpectedConditions.java:206)
	at org.openqa.selenium.support.ui.ExpectedConditions$7.apply(ExpectedConditions.java:202)
	at org.openqa.selenium.support.ui.FluentWait.until(FluentWait.java:260)
	... 26 more
... Removed 25 stack frames]]>
    </failure>
  </testcase> <!-- Login_PNBChannel -->
  <testcase name="verifyLogo" time="0.051" classname="com.Ebranch.TestCases.eBranch_loginTest">
    <failure type="org.openqa.selenium.NoSuchSessionException" message="Session ID is null. Using WebDriver after calling quit()?
Build info: version: &amp;apos;3.14.0&amp;apos;, revision: &amp;apos;aacccce0&amp;apos;, time: &amp;apos;2018-08-02T20:19:58.91Z&amp;apos;
System info: host: &amp;apos;RACLAP80-COMP&amp;apos;, ip: &amp;apos;192.168.225.110&amp;apos;, os.name: &amp;apos;Windows 10&amp;apos;, os.arch: &amp;apos;amd64&amp;apos;, os.version: &amp;apos;10.0&amp;apos;, java.version: &amp;apos;1.8.0_191&amp;apos;
Driver info: driver.version: RemoteWebDriver">
      <![CDATA[org.openqa.selenium.NoSuchSessionException: Session ID is null. Using WebDriver after calling quit()?
Build info: version: '3.14.0', revision: 'aacccce0', time: '2018-08-02T20:19:58.91Z'
System info: host: 'RACLAP80-COMP', ip: '192.168.225.110', os.name: 'Windows 10', os.arch: 'amd64', os.version: '10.0', java.version: '1.8.0_191'
Driver info: driver.version: RemoteWebDriver
	at org.openqa.selenium.remote.HttpCommandExecutor.execute(HttpCommandExecutor.java:125)
	at org.openqa.selenium.remote.service.DriverCommandExecutor.execute(DriverCommandExecutor.java:83)
	at org.openqa.selenium.remote.RemoteWebDriver.execute(RemoteWebDriver.java:548)
	at org.openqa.selenium.remote.RemoteWebDriver.findElement(RemoteWebDriver.java:322)
	at org.openqa.selenium.remote.RemoteWebDriver.findElementByXPath(RemoteWebDriver.java:424)
	at org.openqa.selenium.By$ByXPath.findElement(By.java:353)
	at org.openqa.selenium.remote.RemoteWebDriver.findElement(RemoteWebDriver.java:314)
	at org.openqa.selenium.support.pagefactory.DefaultElementLocator.findElement(DefaultElementLocator.java:69)
	at org.openqa.selenium.support.pagefactory.internal.LocatingElementHandler.invoke(LocatingElementHandler.java:38)
	at com.sun.proxy.$Proxy11.isDisplayed(Unknown Source)
	at com.Ebranch.PageObjects.EBranch_LoginPage.verifyLogo(EBranch_LoginPage.java:38)
	at com.Ebranch.TestCases.eBranch_loginTest.verifyLogo(eBranch_loginTest.java:42)
... Removed 25 stack frames]]>
    </failure>
  </testcase> <!-- verifyLogo -->
  <testcase name="verifyPswdPlaceholder" time="0.0" classname="com.Ebranch.TestCases.eBranch_loginTest">
    <failure type="org.openqa.selenium.NoSuchSessionException" message="Session ID is null. Using WebDriver after calling quit()?
Build info: version: &amp;apos;3.14.0&amp;apos;, revision: &amp;apos;aacccce0&amp;apos;, time: &amp;apos;2018-08-02T20:19:58.91Z&amp;apos;
System info: host: &amp;apos;RACLAP80-COMP&amp;apos;, ip: &amp;apos;192.168.225.110&amp;apos;, os.name: &amp;apos;Windows 10&amp;apos;, os.arch: &amp;apos;amd64&amp;apos;, os.version: &amp;apos;10.0&amp;apos;, java.version: &amp;apos;1.8.0_191&amp;apos;
Driver info: driver.version: RemoteWebDriver">
      <![CDATA[org.openqa.selenium.NoSuchSessionException: Session ID is null. Using WebDriver after calling quit()?
Build info: version: '3.14.0', revision: 'aacccce0', time: '2018-08-02T20:19:58.91Z'
System info: host: 'RACLAP80-COMP', ip: '192.168.225.110', os.name: 'Windows 10', os.arch: 'amd64', os.version: '10.0', java.version: '1.8.0_191'
Driver info: driver.version: RemoteWebDriver
	at org.openqa.selenium.remote.HttpCommandExecutor.execute(HttpCommandExecutor.java:125)
	at org.openqa.selenium.remote.service.DriverCommandExecutor.execute(DriverCommandExecutor.java:83)
	at org.openqa.selenium.remote.RemoteWebDriver.execute(RemoteWebDriver.java:548)
	at org.openqa.selenium.remote.RemoteWebDriver.findElement(RemoteWebDriver.java:322)
	at org.openqa.selenium.remote.RemoteWebDriver.findElementByXPath(RemoteWebDriver.java:424)
	at org.openqa.selenium.By$ByXPath.findElement(By.java:353)
	at org.openqa.selenium.remote.RemoteWebDriver.findElement(RemoteWebDriver.java:314)
	at org.openqa.selenium.support.pagefactory.DefaultElementLocator.findElement(DefaultElementLocator.java:69)
	at org.openqa.selenium.support.pagefactory.internal.LocatingElementHandler.invoke(LocatingElementHandler.java:38)
	at com.sun.proxy.$Proxy11.getCssValue(Unknown Source)
	at com.Ebranch.PageObjects.EBranch_LoginPage.verifyPasswordPlaceholder(EBranch_LoginPage.java:54)
	at com.Ebranch.TestCases.eBranch_loginTest.verifyPswdPlaceholder(eBranch_loginTest.java:72)
... Removed 25 stack frames]]>
    </failure>
  </testcase> <!-- verifyPswdPlaceholder -->
  <testcase name="verifySubHeading" time="0.016" classname="com.Ebranch.TestCases.eBranch_loginTest">
    <skipped/>
  </testcase> <!-- verifySubHeading -->
  <testcase name="verifyUsernamePlaceholder" time="0.0" classname="com.Ebranch.TestCases.eBranch_loginTest">
    <skipped/>
  </testcase> <!-- verifyUsernamePlaceholder -->
  <testcase name="verifyCreateQuoteButton" time="0.004" classname="com.Ebranch.TestCases.eBranch_homePageTest">
    <skipped/>
  </testcase> <!-- verifyCreateQuoteButton -->
  <testcase name="verifyDashboardTitle" time="0.0" classname="com.Ebranch.TestCases.eBranch_homePageTest">
    <skipped/>
  </testcase> <!-- verifyDashboardTitle -->
  <testcase name="verifyGreetingMessage" time="0.0" classname="com.Ebranch.TestCases.eBranch_homePageTest">
    <skipped/>
  </testcase> <!-- verifyGreetingMessage -->
  <testcase name="verifyHamburgerMenu" time="0.004" classname="com.Ebranch.TestCases.eBranch_homePageTest">
    <skipped/>
  </testcase> <!-- verifyHamburgerMenu -->
  <testcase name="verifyPNBMetLifeLogo" time="0.0" classname="com.Ebranch.TestCases.eBranch_homePageTest">
    <skipped/>
  </testcase> <!-- verifyPNBMetLifeLogo -->
</testsuite> <!-- PNB MetLife -->
