<?xml version="1.0" encoding="UTF-8"?>
<!-- Generated by org.testng.reporters.JUnitXMLReporter -->
<testsuite hostname="RACLAP80-COMP" ignored="0" name="Command line test" tests="1" failures="1" timestamp="14 Aug 2021 11:48:26 GMT" time="27.59" errors="0">
  <testcase name="Login_PNBChannel" time="4.564" classname="com.Ebranch.TestCases.eBranch_loginTest">
    <failure type="java.lang.NullPointerException">
      <![CDATA[java.lang.NullPointerException
	at org.openqa.selenium.support.pagefactory.internal.LocatingElementHandler.invoke(LocatingElementHandler.java:51)
	at com.sun.proxy.$Proxy8.isDisplayed(Unknown Source)
	at com.Ebranch.PageObjects.eBranch_LoginPage.verifyLogo(eBranch_LoginPage.java:38)
	at com.Ebranch.TestCases.eBranch_loginTest.Login_PNBChannel(eBranch_loginTest.java:26)
... Removed 38 stack frames]]>
    </failure>
  </testcase> <!-- Login_PNBChannel -->
</testsuite> <!-- Command line test -->
